{"contracts/SwapPetOracle.sol":{"l":{"17":4,"18":4,"19":4,"23":1,"24":1,"29":1,"30":1,"36":0,"37":0,"38":0},"path":"/media/sdc1/GitClient/swappet/swap.pet-ethAppSample/contracts/SwapPetOracle.sol","s":{"1":4,"2":4,"3":4,"4":1,"5":1,"6":1,"7":1,"8":0,"9":0,"10":0},"b":{},"f":{"1":4,"2":1,"3":1,"4":0},"fnMap":{"1":{"name":"constructor","line":16,"loc":{"start":{"line":16,"column":4},"end":{"line":20,"column":4}}},"2":{"name":"setSwapper","line":22,"loc":{"start":{"line":22,"column":4},"end":{"line":25,"column":4}}},"3":{"name":"price","line":28,"loc":{"start":{"line":28,"column":4},"end":{"line":31,"column":4}}},"4":{"name":"swap","line":35,"loc":{"start":{"line":35,"column":4},"end":{"line":39,"column":4}}}},"statementMap":{"1":{"start":{"line":17,"column":8},"end":{"line":17,"column":64}},"2":{"start":{"line":18,"column":8},"end":{"line":18,"column":23}},"3":{"start":{"line":19,"column":8},"end":{"line":19,"column":25}},"4":{"start":{"line":23,"column":8},"end":{"line":23,"column":75}},"5":{"start":{"line":24,"column":8},"end":{"line":24,"column":25}},"6":{"start":{"line":29,"column":8},"end":{"line":29,"column":65}},"7":{"start":{"line":30,"column":8},"end":{"line":30,"column":17}},"8":{"start":{"line":36,"column":8},"end":{"line":36,"column":23}},"9":{"start":{"line":37,"column":8},"end":{"line":37,"column":82}},"10":{"start":{"line":38,"column":8},"end":{"line":38,"column":18}}},"branchMap":{}}}